17:18:00.491 [main] DEBUG org.apache.poi.openxml4j.opc.PackageRelationshipCollection - Parsing relationship: /xl/worksheets/_rels/sheet1.xml.rels
17:18:00.497 [main] DEBUG org.apache.poi.openxml4j.opc.PackageRelationshipCollection - Parsing relationship: /_rels/.rels
17:18:00.500 [main] DEBUG org.apache.poi.ooxml.POIXMLFactory - using default POIXMLDocumentPart for http://schemas.openxmlformats.org/officeDocument/2006/relationships/printerSettings
17:18:00.505 [main] DEBUG org.apache.poi.openxml4j.opc.PackageRelationshipCollection - Parsing relationship: /xl/_rels/workbook.xml.rels
17:18:00.506 [main] DEBUG org.apache.poi.openxml4j.opc.PackageRelationshipCollection - Parsing relationship: /xl/worksheets/_rels/sheet1.xml.rels
17:18:00.506 [main] DEBUG org.apache.poi.openxml4j.opc.PackageRelationshipCollection - Parsing relationship: /_rels/.rels
17:18:00.508 [main] DEBUG org.apache.poi.ooxml.POIXMLFactory - using default POIXMLDocumentPart for http://schemas.openxmlformats.org/officeDocument/2006/relationships/printerSettings
17:18:00.514 [main] DEBUG org.apache.poi.openxml4j.opc.PackageRelationshipCollection - Parsing relationship: /xl/_rels/workbook.xml.rels
17:18:00.514 [main] DEBUG org.apache.poi.openxml4j.opc.PackageRelationshipCollection - Parsing relationship: /xl/worksheets/_rels/sheet1.xml.rels
17:18:00.515 [main] DEBUG org.apache.poi.openxml4j.opc.PackageRelationshipCollection - Parsing relationship: /_rels/.rels
17:18:00.518 [main] DEBUG org.apache.poi.ooxml.POIXMLFactory - using default POIXMLDocumentPart for http://schemas.openxmlformats.org/officeDocument/2006/relationships/printerSettings
17:18:00.522 [main] DEBUG org.apache.poi.openxml4j.opc.PackageRelationshipCollection - Parsing relationship: /xl/_rels/workbook.xml.rels
17:18:00.522 [main] DEBUG org.apache.poi.openxml4j.opc.PackageRelationshipCollection - Parsing relationship: /xl/worksheets/_rels/sheet1.xml.rels
17:18:00.522 [main] DEBUG org.apache.poi.openxml4j.opc.PackageRelationshipCollection - Parsing relationship: /_rels/.rels
17:18:00.526 [main] DEBUG org.apache.poi.ooxml.POIXMLFactory - using default POIXMLDocumentPart for http://schemas.openxmlformats.org/officeDocument/2006/relationships/printerSettings
17:18:00.530 [main] DEBUG org.apache.poi.openxml4j.opc.PackageRelationshipCollection - Parsing relationship: /xl/_rels/workbook.xml.rels
17:18:00.531 [main] DEBUG org.apache.poi.openxml4j.opc.PackageRelationshipCollection - Parsing relationship: /xl/worksheets/_rels/sheet1.xml.rels
17:18:00.531 [main] DEBUG org.apache.poi.openxml4j.opc.PackageRelationshipCollection - Parsing relationship: /_rels/.rels
17:18:00.534 [main] DEBUG org.apache.poi.ooxml.POIXMLFactory - using default POIXMLDocumentPart for http://schemas.openxmlformats.org/officeDocument/2006/relationships/printerSettings
17:18:00.538 [main] DEBUG org.apache.poi.openxml4j.opc.PackageRelationshipCollection - Parsing relationship: /xl/_rels/workbook.xml.rels
17:18:00.538 [main] DEBUG org.apache.poi.openxml4j.opc.PackageRelationshipCollection - Parsing relationship: /xl/worksheets/_rels/sheet1.xml.rels
17:18:00.538 [main] DEBUG org.apache.poi.openxml4j.opc.PackageRelationshipCollection - Parsing relationship: /_rels/.rels
17:18:00.541 [main] DEBUG org.apache.poi.ooxml.POIXMLFactory - using default POIXMLDocumentPart for http://schemas.openxmlformats.org/officeDocument/2006/relationships/printerSettings
17:18:00.546 [main] DEBUG org.apache.poi.openxml4j.opc.PackageRelationshipCollection - Parsing relationship: /xl/_rels/workbook.xml.rels
17:18:00.547 [main] DEBUG org.apache.poi.openxml4j.opc.PackageRelationshipCollection - Parsing relationship: /xl/worksheets/_rels/sheet1.xml.rels
17:18:00.547 [main] DEBUG org.apache.poi.openxml4j.opc.PackageRelationshipCollection - Parsing relationship: /_rels/.rels
17:18:00.551 [main] DEBUG org.apache.poi.ooxml.POIXMLFactory - using default POIXMLDocumentPart for http://schemas.openxmlformats.org/officeDocument/2006/relationships/printerSettings
17:18:00.555 [main] DEBUG org.apache.poi.openxml4j.opc.PackageRelationshipCollection - Parsing relationship: /xl/_rels/workbook.xml.rels
17:18:00.556 [main] DEBUG org.apache.poi.openxml4j.opc.PackageRelationshipCollection - Parsing relationship: /xl/worksheets/_rels/sheet1.xml.rels
17:18:00.556 [main] DEBUG org.apache.poi.openxml4j.opc.PackageRelationshipCollection - Parsing relationship: /_rels/.rels
17:18:00.559 [main] DEBUG org.apache.poi.ooxml.POIXMLFactory - using default POIXMLDocumentPart for http://schemas.openxmlformats.org/officeDocument/2006/relationships/printerSettings
17:22:27.197 [main] DEBUG org.testng.TestNG - suiteXmlPath: "D:\Selenium Framework Workspace\OpencartFrameworkV1.0\masters.xml"
17:22:30.189 [main] INFO  testCases.TC001_AccountRegisteration - ****** Starting TC001_Account_Registeration_Test ******
17:22:30.237 [main] INFO  testCases.TC001_AccountRegisteration - ****** Clicking My Accounts ******
17:22:32.449 [main] INFO  testCases.TC001_AccountRegisteration - ****** Clicking Register ******
17:22:34.470 [main] INFO  testCases.TC001_AccountRegisteration - ****** On Register Page ******
17:22:34.531 [main] INFO  testCases.TC001_AccountRegisteration - ****** Enter First Name ******
17:22:35.592 [main] INFO  testCases.TC001_AccountRegisteration - ****** Enter Last Name ******
17:22:36.667 [main] INFO  testCases.TC001_AccountRegisteration - ****** Enter Email ******
17:22:37.805 [main] INFO  testCases.TC001_AccountRegisteration - ****** Enter New Password ******
17:22:38.979 [main] INFO  testCases.TC001_AccountRegisteration - ****** Clicking Privacy Policy Button ******
17:22:40.141 [main] INFO  testCases.TC001_AccountRegisteration - ****** Clicking Continue Button on Register Page ******
17:22:41.176 [main] INFO  testCases.TC001_AccountRegisteration - ****** Testing Account Created Message ******
17:22:41.332 [main] INFO  testCases.TC001_AccountRegisteration - ****** Continue Button on Account Created Confirmation Page ******
17:22:41.332 [main] INFO  testCases.TC001_AccountRegisteration - ****** Ending TC001_Account_Registeration_Test ******
17:22:45.110 [main] INFO  testCases.TC002_LoginTest - ****** Starting Login Test ******
17:22:45.170 [main] INFO  testCases.TC002_LoginTest - ****** Clicking My Account ******
17:22:46.364 [main] INFO  testCases.TC002_LoginTest - ****** Clicking Login ******
17:22:47.476 [main] INFO  testCases.TC002_LoginTest - ****** Enter Email in Login Page ******
17:22:48.543 [main] INFO  testCases.TC002_LoginTest - ****** Enter Password in Login Page ******
17:22:49.734 [main] INFO  testCases.TC002_LoginTest - ****** Clicking Login Button in Login Page ******
17:22:50.791 [main] INFO  testCases.TC002_LoginTest - ****** Ending Login Test ******
17:35:09.468 [main] DEBUG org.testng.TestNG - suiteXmlPath: "D:\Selenium Framework Workspace\OpencartFrameworkV1.0\masters.xml"
17:35:12.485 [main] INFO  testCases.TC001_AccountRegisteration - ****** Starting TC001_Account_Registeration_Test ******
17:35:12.535 [main] INFO  testCases.TC001_AccountRegisteration - ****** Clicking My Accounts ******
17:35:14.725 [main] INFO  testCases.TC001_AccountRegisteration - ****** Clicking Register ******
17:35:16.740 [main] INFO  testCases.TC001_AccountRegisteration - ****** On Register Page ******
17:35:16.805 [main] INFO  testCases.TC001_AccountRegisteration - ****** Enter First Name ******
17:35:17.877 [main] INFO  testCases.TC001_AccountRegisteration - ****** Enter Last Name ******
17:35:18.961 [main] INFO  testCases.TC001_AccountRegisteration - ****** Enter Email ******
17:35:20.048 [main] INFO  testCases.TC001_AccountRegisteration - ****** Enter New Password ******
17:35:21.209 [main] INFO  testCases.TC001_AccountRegisteration - ****** Clicking Privacy Policy Button ******
17:35:22.372 [main] INFO  testCases.TC001_AccountRegisteration - ****** Clicking Continue Button on Register Page ******
17:35:23.426 [main] INFO  testCases.TC001_AccountRegisteration - ****** Testing Account Created Message ******
17:35:23.583 [main] INFO  testCases.TC001_AccountRegisteration - ****** Continue Button on Account Created Confirmation Page ******
17:35:23.583 [main] INFO  testCases.TC001_AccountRegisteration - ****** Ending TC001_Account_Registeration_Test ******
17:35:25.801 [main] INFO  testCases.TC002_LoginTest - ****** Starting Login Test ******
17:35:25.854 [main] INFO  testCases.TC002_LoginTest - ****** Clicking My Account ******
17:35:27.013 [main] INFO  testCases.TC002_LoginTest - ****** Clicking Login ******
17:35:28.115 [main] INFO  testCases.TC002_LoginTest - ****** Enter Email in Login Page ******
17:35:29.172 [main] INFO  testCases.TC002_LoginTest - ****** Enter Password in Login Page ******
17:35:30.330 [main] INFO  testCases.TC002_LoginTest - ****** Clicking Login Button in Login Page ******
17:35:31.367 [main] INFO  testCases.TC002_LoginTest - ****** Ending Login Test ******
17:40:59.583 [main] DEBUG org.testng.TestNG - suiteXmlPath: "D:\Selenium Framework Workspace\OpencartFrameworkV1.0\masters.xml"
17:41:01.486 [main] INFO  testCases.TC001_AccountRegisteration - ****** Starting TC001_Account_Registeration_Test ******
17:41:01.537 [main] INFO  testCases.TC001_AccountRegisteration - ****** Clicking My Accounts ******
17:41:03.725 [main] INFO  testCases.TC001_AccountRegisteration - ****** Clicking Register ******
17:41:05.736 [main] INFO  testCases.TC001_AccountRegisteration - ****** On Register Page ******
17:41:05.800 [main] INFO  testCases.TC001_AccountRegisteration - ****** Enter First Name ******
17:41:06.872 [main] INFO  testCases.TC001_AccountRegisteration - ****** Enter Last Name ******
17:41:07.955 [main] INFO  testCases.TC001_AccountRegisteration - ****** Enter Email ******
17:41:09.039 [main] INFO  testCases.TC001_AccountRegisteration - ****** Enter New Password ******
17:41:10.200 [main] INFO  testCases.TC001_AccountRegisteration - ****** Clicking Privacy Policy Button ******
17:41:11.337 [main] INFO  testCases.TC001_AccountRegisteration - ****** Clicking Continue Button on Register Page ******
